# JRE version: OpenJDK Runtime Environment Temurin-17.0.9+9 (17.0.9+9) (build 17.0.9+9)
# Java VM: OpenJDK 64-Bit Server VM Temurin-17.0.9+9 (17.0.9+9, mixed mode, tiered, compressed oops, compressed class ptrs, parallel gc, windows-amd64)
GC Precious Log:
 CPUs: 16 total, 16 available
 Memory: 16236M
 Large Page Support: Disabled
 NUMA Support: Disabled
 Compressed Oops: Enabled (32-bit)
 Alignments: Space 512K, Generation 512K, Heap 2M
 Heap Min Capacity: 100M
 Heap Initial Capacity: 100M
 Heap Max Capacity: 1G
 Pre-touch: Disabled
 Parallel Workers: 13
Heap:
 PSYoungGen      total 6656K, used 2665K [0x00000000eab00000, 0x00000000eb600000, 0x0000000100000000)
  eden space 5120K, 22% used [0x00000000eab00000,0x00000000eac1c9b0,0x00000000eb000000)
  from space 1536K, 99% used [0x00000000eb480000,0x00000000eb5fdcc8,0x00000000eb600000)
  to   space 3072K, 0% used [0x00000000eb000000,0x00000000eb000000,0x00000000eb300000)
 ParOldGen       total 92672K, used 83362K [0x00000000c0000000, 0x00000000c5a80000, 0x00000000eab00000)
  object space 92672K, 89% used [0x00000000c0000000,0x00000000c5168be0,0x00000000c5a80000)
 Metaspace       used 97171K, committed 98432K, reserved 1179648K
  class space    used 12008K, committed 12608K, reserved 1048576K
GC Heap History (20 events):
Event: 69.214 GC heap before
{Heap before GC invocations=1514 (full 17):
 PSYoungGen      total 6144K, used 1008K [0x00000000eab00000, 0x00000000eb400000, 0x0000000100000000)
  eden space 5120K, 0% used [0x00000000eab00000,0x00000000eab00000,0x00000000eb000000)
  from space 1024K, 98% used [0x00000000eb200000,0x00000000eb2fc368,0x00000000eb300000)
  to   space 2048K, 0% used [0x00000000eb000000,0x00000000eb000000,0x00000000eb200000)
 ParOldGen       total 84480K, used 84191K [0x00000000c0000000, 0x00000000c5280000, 0x00000000eab00000)
  object space 84480K, 99% used [0x00000000c0000000,0x00000000c5237f40,0x00000000c5280000)
 Metaspace       used 93861K, committed 95168K, reserved 1179648K
  class space    used 11731K, committed 12352K, reserved 1048576K
}
Event: 69.245 GC heap after
{Heap after GC invocations=1514 (full 17):
 PSYoungGen      total 7168K, used 0K [0x00000000eab00000, 0x00000000eb500000, 0x0000000100000000)
  eden space 5120K, 0% used [0x00000000eab00000,0x00000000eab00000,0x00000000eb000000)
  from space 2048K, 0% used [0x00000000eb000000,0x00000000eb000000,0x00000000eb200000)
  to   space 2048K, 0% used [0x00000000eb300000,0x00000000eb300000,0x00000000eb500000)
 ParOldGen       total 92672K, used 73170K [0x00000000c0000000, 0x00000000c5a80000, 0x00000000eab00000)
  object space 92672K, 78% used [0x00000000c0000000,0x00000000c4774ac0,0x00000000c5a80000)
 Metaspace       used 93861K, committed 95168K, reserved 1179648K
  class space    used 11731K, committed 12352K, reserved 1048576K
}
Event: 69.247 GC heap before
{Heap before GC invocations=1515 (full 17):
 PSYoungGen      total 7168K, used 5119K [0x00000000eab00000, 0x00000000eb500000, 0x0000000100000000)
  eden space 5120K, 99% used [0x00000000eab00000,0x00000000eafffff0,0x00000000eb000000)
  from space 2048K, 0% used [0x00000000eb000000,0x00000000eb000000,0x00000000eb200000)
  to   space 2048K, 0% used [0x00000000eb300000,0x00000000eb300000,0x00000000eb500000)
 ParOldGen       total 92672K, used 73170K [0x00000000c0000000, 0x00000000c5a80000, 0x00000000eab00000)
  object space 92672K, 78% used [0x00000000c0000000,0x00000000c4774ac0,0x00000000c5a80000)
 Metaspace       used 93884K, committed 95168K, reserved 1179648K
  class space    used 11736K, committed 12352K, reserved 1048576K
}
Event: 69.248 GC heap after
{Heap after GC invocations=1515 (full 17):
 PSYoungGen      total 7168K, used 2029K [0x00000000eab00000, 0x00000000eb600000, 0x0000000100000000)
  eden space 5120K, 0% used [0x00000000eab00000,0x00000000eab00000,0x00000000eb000000)
  from space 2048K, 99% used [0x00000000eb300000,0x00000000eb4fb570,0x00000000eb500000)
  to   space 3072K, 0% used [0x00000000eb000000,0x00000000eb000000,0x00000000eb300000)
 ParOldGen       total 92672K, used 73704K [0x00000000c0000000, 0x00000000c5a80000, 0x00000000eab00000)
  object space 92672K, 79% used [0x00000000c0000000,0x00000000c47fa200,0x00000000c5a80000)
 Metaspace       used 93884K, committed 95168K, reserved 1179648K
  class space    used 11736K, committed 12352K, reserved 1048576K
}
Event: 69.252 GC heap before
{Heap before GC invocations=1516 (full 17):
 PSYoungGen      total 7168K, used 7149K [0x00000000eab00000, 0x00000000eb600000, 0x0000000100000000)
  eden space 5120K, 100% used [0x00000000eab00000,0x00000000eb000000,0x00000000eb000000)
  from space 2048K, 99% used [0x00000000eb300000,0x00000000eb4fb570,0x00000000eb500000)
  to   space 3072K, 0% used [0x00000000eb000000,0x00000000eb000000,0x00000000eb300000)
 ParOldGen       total 92672K, used 73704K [0x00000000c0000000, 0x00000000c5a80000, 0x00000000eab00000)
  object space 92672K, 79% used [0x00000000c0000000,0x00000000c47fa200,0x00000000c5a80000)
 Metaspace       used 94009K, committed 95360K, reserved 1179648K
  class space    used 11743K, committed 12352K, reserved 1048576K
}
Event: 69.253 GC heap after
{Heap after GC invocations=1516 (full 17):
 PSYoungGen      total 6144K, used 971K [0x00000000eab00000, 0x00000000eb400000, 0x0000000100000000)
  eden space 5120K, 0% used [0x00000000eab00000,0x00000000eab00000,0x00000000eb000000)
  from space 1024K, 94% used [0x00000000eb000000,0x00000000eb0f2d50,0x00000000eb100000)
  to   space 2048K, 0% used [0x00000000eb200000,0x00000000eb200000,0x00000000eb400000)
 ParOldGen       total 92672K, used 73992K [0x00000000c0000000, 0x00000000c5a80000, 0x00000000eab00000)
  object space 92672K, 79% used [0x00000000c0000000,0x00000000c4842200,0x00000000c5a80000)
 Metaspace       used 94009K, committed 95360K, reserved 1179648K
  class space    used 11743K, committed 12352K, reserved 1048576K
}
Event: 69.266 GC heap before
{Heap before GC invocations=1517 (full 17):
 PSYoungGen      total 6144K, used 6091K [0x00000000eab00000, 0x00000000eb400000, 0x0000000100000000)
  eden space 5120K, 100% used [0x00000000eab00000,0x00000000eb000000,0x00000000eb000000)
  from space 1024K, 94% used [0x00000000eb000000,0x00000000eb0f2d50,0x00000000eb100000)
  to   space 2048K, 0% used [0x00000000eb200000,0x00000000eb200000,0x00000000eb400000)
 ParOldGen       total 92672K, used 73992K [0x00000000c0000000, 0x00000000c5a80000, 0x00000000eab00000)
  object space 92672K, 79% used [0x00000000c0000000,0x00000000c4842200,0x00000000c5a80000)
 Metaspace       used 94220K, committed 95616K, reserved 1179648K
  class space    used 11763K, committed 12416K, reserved 1048576K
}
Event: 69.266 GC heap after
{Heap after GC invocations=1517 (full 17):
 PSYoungGen      total 6656K, used 1382K [0x00000000eab00000, 0x00000000eb380000, 0x0000000100000000)
  eden space 5120K, 0% used [0x00000000eab00000,0x00000000eab00000,0x00000000eb000000)
  from space 1536K, 90% used [0x00000000eb200000,0x00000000eb359a48,0x00000000eb380000)
  to   space 1536K, 0% used [0x00000000eb080000,0x00000000eb080000,0x00000000eb200000)
 ParOldGen       total 92672K, used 74508K [0x00000000c0000000, 0x00000000c5a80000, 0x00000000eab00000)
  object space 92672K, 80% used [0x00000000c0000000,0x00000000c48c3018,0x00000000c5a80000)
 Metaspace       used 94220K, committed 95616K, reserved 1179648K
  class space    used 11763K, committed 12416K, reserved 1048576K
}
Event: 69.279 GC heap before
{Heap before GC invocations=1518 (full 17):
 PSYoungGen      total 6656K, used 6502K [0x00000000eab00000, 0x00000000eb380000, 0x0000000100000000)
  eden space 5120K, 100% used [0x00000000eab00000,0x00000000eb000000,0x00000000eb000000)
  from space 1536K, 90% used [0x00000000eb200000,0x00000000eb359a48,0x00000000eb380000)
  to   space 1536K, 0% used [0x00000000eb080000,0x00000000eb080000,0x00000000eb200000)
 ParOldGen       total 92672K, used 74508K [0x00000000c0000000, 0x00000000c5a80000, 0x00000000eab00000)
  object space 92672K, 80% used [0x00000000c0000000,0x00000000c48c32c8,0x00000000c5a80000)
 Metaspace       used 94358K, committed 95744K, reserved 1179648K
  class space    used 11774K, committed 12416K, reserved 1048576K
}
Event: 69.280 GC heap after
{Heap after GC invocations=1518 (full 17):
 PSYoungGen      total 6656K, used 1522K [0x00000000eab00000, 0x00000000eb900000, 0x0000000100000000)
  eden space 5120K, 0% used [0x00000000eab00000,0x00000000eab00000,0x00000000eb000000)
  from space 1536K, 99% used [0x00000000eb080000,0x00000000eb1fca50,0x00000000eb200000)
  to   space 4608K, 0% used [0x00000000eb480000,0x00000000eb480000,0x00000000eb900000)
 ParOldGen       total 92672K, used 76760K [0x00000000c0000000, 0x00000000c5a80000, 0x00000000eab00000)
  object space 92672K, 82% used [0x00000000c0000000,0x00000000c4af6240,0x00000000c5a80000)
 Metaspace       used 94358K, committed 95744K, reserved 1179648K
  class space    used 11774K, committed 12416K, reserved 1048576K
}
Event: 69.317 GC heap before
{Heap before GC invocations=1519 (full 17):
 PSYoungGen      total 6656K, used 6642K [0x00000000eab00000, 0x00000000eb900000, 0x0000000100000000)
  eden space 5120K, 100% used [0x00000000eab00000,0x00000000eb000000,0x00000000eb000000)
  from space 1536K, 99% used [0x00000000eb080000,0x00000000eb1fca50,0x00000000eb200000)
  to   space 4608K, 0% used [0x00000000eb480000,0x00000000eb480000,0x00000000eb900000)
 ParOldGen       total 92672K, used 76762K [0x00000000c0000000, 0x00000000c5a80000, 0x00000000eab00000)
  object space 92672K, 82% used [0x00000000c0000000,0x00000000c4af6ba0,0x00000000c5a80000)
 Metaspace       used 94820K, committed 96128K, reserved 1179648K
  class space    used 11817K, committed 12416K, reserved 1048576K
}
Event: 69.319 GC heap after
{Heap after GC invocations=1519 (full 17):
 PSYoungGen      total 6144K, used 958K [0x00000000eab00000, 0x00000000eb580000, 0x0000000100000000)
  eden space 5120K, 0% used [0x00000000eab00000,0x00000000eab00000,0x00000000eb000000)
  from space 1024K, 93% used [0x00000000eb480000,0x00000000eb56fa08,0x00000000eb580000)
  to   space 2048K, 0% used [0x00000000eb180000,0x00000000eb180000,0x00000000eb380000)
 ParOldGen       total 92672K, used 78183K [0x00000000c0000000, 0x00000000c5a80000, 0x00000000eab00000)
  object space 92672K, 84% used [0x00000000c0000000,0x00000000c4c59fd0,0x00000000c5a80000)
 Metaspace       used 94820K, committed 96128K, reserved 1179648K
  class space    used 11817K, committed 12416K, reserved 1048576K
}
Event: 69.391 GC heap before
{Heap before GC invocations=1520 (full 17):
 PSYoungGen      total 6144K, used 6031K [0x00000000eab00000, 0x00000000eb580000, 0x0000000100000000)
  eden space 5120K, 99% used [0x00000000eab00000,0x00000000eaff4260,0x00000000eb000000)
  from space 1024K, 93% used [0x00000000eb480000,0x00000000eb56fa08,0x00000000eb580000)
  to   space 2048K, 0% used [0x00000000eb180000,0x00000000eb180000,0x00000000eb380000)
 ParOldGen       total 92672K, used 78183K [0x00000000c0000000, 0x00000000c5a80000, 0x00000000eab00000)
  object space 92672K, 84% used [0x00000000c0000000,0x00000000c4c59fd0,0x00000000c5a80000)
 Metaspace       used 95395K, committed 96768K, reserved 1179648K
  class space    used 11855K, committed 12480K, reserved 1048576K
}
Event: 69.392 GC heap after
{Heap after GC invocations=1520 (full 17):
 PSYoungGen      total 7168K, used 829K [0x00000000eab00000, 0x00000000eb500000, 0x0000000100000000)
  eden space 5120K, 0% used [0x00000000eab00000,0x00000000eab00000,0x00000000eb000000)
  from space 2048K, 40% used [0x00000000eb180000,0x00000000eb24f5d0,0x00000000eb380000)
  to   space 1536K, 0% used [0x00000000eb380000,0x00000000eb380000,0x00000000eb500000)
 ParOldGen       total 92672K, used 78854K [0x00000000c0000000, 0x00000000c5a80000, 0x00000000eab00000)
  object space 92672K, 85% used [0x00000000c0000000,0x00000000c4d01ad8,0x00000000c5a80000)
 Metaspace       used 95395K, committed 96768K, reserved 1179648K
  class space    used 11855K, committed 12480K, reserved 1048576K
}
Event: 69.435 GC heap before
{Heap before GC invocations=1521 (full 17):
 PSYoungGen      total 7168K, used 5078K [0x00000000eab00000, 0x00000000eb500000, 0x0000000100000000)
  eden space 5120K, 82% used [0x00000000eab00000,0x00000000eaf26438,0x00000000eb000000)
  from space 2048K, 40% used [0x00000000eb180000,0x00000000eb24f5d0,0x00000000eb380000)
  to   space 1536K, 0% used [0x00000000eb380000,0x00000000eb380000,0x00000000eb500000)
 ParOldGen       total 92672K, used 78854K [0x00000000c0000000, 0x00000000c5a80000, 0x00000000eab00000)
  object space 92672K, 85% used [0x00000000c0000000,0x00000000c4d01ad8,0x00000000c5a80000)
 Metaspace       used 95660K, committed 97024K, reserved 1179648K
  class space    used 11872K, committed 12480K, reserved 1048576K
}
Event: 69.436 GC heap after
{Heap after GC invocations=1521 (full 17):
 PSYoungGen      total 6656K, used 1312K [0x00000000eab00000, 0x00000000eb500000, 0x0000000100000000)
  eden space 5120K, 0% used [0x00000000eab00000,0x00000000eab00000,0x00000000eb000000)
  from space 1536K, 85% used [0x00000000eb380000,0x00000000eb4c8220,0x00000000eb500000)
  to   space 1536K, 0% used [0x00000000eb200000,0x00000000eb200000,0x00000000eb380000)
 ParOldGen       total 92672K, used 78854K [0x00000000c0000000, 0x00000000c5a80000, 0x00000000eab00000)
  object space 92672K, 85% used [0x00000000c0000000,0x00000000c4d01ad8,0x00000000c5a80000)
 Metaspace       used 95660K, committed 97024K, reserved 1179648K
  class space    used 11872K, committed 12480K, reserved 1048576K
}
Event: 69.463 GC heap before
{Heap before GC invocations=1522 (full 17):
 PSYoungGen      total 6656K, used 6432K [0x00000000eab00000, 0x00000000eb500000, 0x0000000100000000)
  eden space 5120K, 100% used [0x00000000eab00000,0x00000000eb000000,0x00000000eb000000)
  from space 1536K, 85% used [0x00000000eb380000,0x00000000eb4c8220,0x00000000eb500000)
  to   space 1536K, 0% used [0x00000000eb200000,0x00000000eb200000,0x00000000eb380000)
 ParOldGen       total 92672K, used 78854K [0x00000000c0000000, 0x00000000c5a80000, 0x00000000eab00000)
  object space 92672K, 85% used [0x00000000c0000000,0x00000000c4d01ad8,0x00000000c5a80000)
 Metaspace       used 95906K, committed 97216K, reserved 1179648K
  class space    used 11894K, committed 12480K, reserved 1048576K
}
Event: 69.464 GC heap after
{Heap after GC invocations=1522 (full 17):
 PSYoungGen      total 6656K, used 1526K [0x00000000eab00000, 0x00000000ebb00000, 0x0000000100000000)
  eden space 5120K, 0% used [0x00000000eab00000,0x00000000eab00000,0x00000000eb000000)
  from space 1536K, 99% used [0x00000000eb200000,0x00000000eb37dbe8,0x00000000eb380000)
  to   space 5632K, 0% used [0x00000000eb580000,0x00000000eb580000,0x00000000ebb00000)
 ParOldGen       total 92672K, used 81934K [0x00000000c0000000, 0x00000000c5a80000, 0x00000000eab00000)
  object space 92672K, 88% used [0x00000000c0000000,0x00000000c5003950,0x00000000c5a80000)
 Metaspace       used 95906K, committed 97216K, reserved 1179648K
  class space    used 11894K, committed 12480K, reserved 1048576K
}
Event: 69.531 GC heap before
{Heap before GC invocations=1523 (full 17):
 PSYoungGen      total 6656K, used 6646K [0x00000000eab00000, 0x00000000ebb00000, 0x0000000100000000)
  eden space 5120K, 100% used [0x00000000eab00000,0x00000000eb000000,0x00000000eb000000)
  from space 1536K, 99% used [0x00000000eb200000,0x00000000eb37dbe8,0x00000000eb380000)
  to   space 5632K, 0% used [0x00000000eb580000,0x00000000eb580000,0x00000000ebb00000)
 ParOldGen       total 92672K, used 81934K [0x00000000c0000000, 0x00000000c5a80000, 0x00000000eab00000)
  object space 92672K, 88% used [0x00000000c0000000,0x00000000c5003950,0x00000000c5a80000)
 Metaspace       used 96395K, committed 97728K, reserved 1179648K
  class space    used 11926K, committed 12544K, reserved 1048576K
}
Event: 69.532 GC heap after
{Heap after GC invocations=1523 (full 17):
 PSYoungGen      total 7168K, used 1787K [0x00000000eab00000, 0x00000000eb780000, 0x0000000100000000)
  eden space 5120K, 0% used [0x00000000eab00000,0x00000000eab00000,0x00000000eb000000)
  from space 2048K, 87% used [0x00000000eb580000,0x00000000eb73ef10,0x00000000eb780000)
  to   space 3072K, 0% used [0x00000000eb180000,0x00000000eb180000,0x00000000eb480000)
 ParOldGen       total 92672K, used 82364K [0x00000000c0000000, 0x00000000c5a80000, 0x00000000eab00000)
  object space 92672K, 88% used [0x00000000c0000000,0x00000000c506f148,0x00000000c5a80000)
 Metaspace       used 96395K, committed 97728K, reserved 1179648K
  class space    used 11926K, committed 12544K, reserved 1048576K
}

