# JRE version: Java(TM) SE Runtime Environment 18.9 (11.0.17+10) (build 11.0.17+10-LTS-269)
# Java VM: Java HotSpot(TM) 64-Bit Server VM 18.9 (11.0.17+10-LTS-269, mixed mode, tiered, compressed oops, g1 gc, windows-amd64)
Heap:
 garbage-first heap   total 260096K, used 134056K [0x00000000c0000000, 0x0000000100000000)
  region size 1024K, 98 young (100352K), 11 survivors (11264K)
 Metaspace       used 66788K, capacity 68368K, committed 68608K, reserved 1110016K
  class space    used 8426K, capacity 8904K, committed 8960K, reserved 1048576K
GC Heap History (10 events):
Event: 3.552 GC heap before
{Heap before GC invocations=1 (full 0):
 garbage-first heap   total 260096K, used 73486K [0x00000000c0000000, 0x0000000100000000)
  region size 1024K, 70 young (71680K), 3 survivors (3072K)
 Metaspace       used 20705K, capacity 21146K, committed 21248K, reserved 1067008K
  class space    used 2609K, capacity 2775K, committed 2816K, reserved 1048576K
}
Event: 3.557 GC heap after
{Heap after GC invocations=2 (full 0):
 garbage-first heap   total 260096K, used 14403K [0x00000000c0000000, 0x0000000100000000)
  region size 1024K, 11 young (11264K), 11 survivors (11264K)
 Metaspace       used 20705K, capacity 21146K, committed 21248K, reserved 1067008K
  class space    used 2609K, capacity 2775K, committed 2816K, reserved 1048576K
}
Event: 4.139 GC heap before
{Heap before GC invocations=3 (full 0):
 garbage-first heap   total 260096K, used 54339K [0x00000000c0000000, 0x0000000100000000)
  region size 1024K, 50 young (51200K), 11 survivors (11264K)
 Metaspace       used 26474K, capacity 27024K, committed 27136K, reserved 1073152K
  class space    used 3365K, capacity 3555K, committed 3584K, reserved 1048576K
}
Event: 4.143 GC heap after
{Heap after GC invocations=4 (full 0):
 garbage-first heap   total 260096K, used 15807K [0x00000000c0000000, 0x0000000100000000)
  region size 1024K, 3 young (3072K), 3 survivors (3072K)
 Metaspace       used 26474K, capacity 27024K, committed 27136K, reserved 1073152K
  class space    used 3365K, capacity 3555K, committed 3584K, reserved 1048576K
}
Event: 4.928 GC heap before
{Heap before GC invocations=4 (full 0):
 garbage-first heap   total 260096K, used 70079K [0x00000000c0000000, 0x0000000100000000)
  region size 1024K, 54 young (55296K), 3 survivors (3072K)
 Metaspace       used 35012K, capacity 35770K, committed 35840K, reserved 1081344K
  class space    used 4298K, capacity 4540K, committed 4608K, reserved 1048576K
}
Event: 4.932 GC heap after
{Heap after GC invocations=5 (full 0):
 garbage-first heap   total 260096K, used 20694K [0x00000000c0000000, 0x0000000100000000)
  region size 1024K, 7 young (7168K), 7 survivors (7168K)
 Metaspace       used 35012K, capacity 35770K, committed 35840K, reserved 1081344K
  class space    used 4298K, capacity 4540K, committed 4608K, reserved 1048576K
}
Event: 6.824 GC heap before
{Heap before GC invocations=6 (full 0):
 garbage-first heap   total 260096K, used 120022K [0x00000000c0000000, 0x0000000100000000)
  region size 1024K, 100 young (102400K), 7 survivors (7168K)
 Metaspace       used 42044K, capacity 43037K, committed 43264K, reserved 1087488K
  class space    used 5303K, capacity 5574K, committed 5632K, reserved 1048576K
}
Event: 6.830 GC heap after
{Heap after GC invocations=7 (full 0):
 garbage-first heap   total 260096K, used 34622K [0x00000000c0000000, 0x0000000100000000)
  region size 1024K, 13 young (13312K), 13 survivors (13312K)
 Metaspace       used 42044K, capacity 43037K, committed 43264K, reserved 1087488K
  class space    used 5303K, capacity 5574K, committed 5632K, reserved 1048576K
}
Event: 8.022 GC heap before
{Heap before GC invocations=7 (full 0):
 garbage-first heap   total 260096K, used 148286K [0x00000000c0000000, 0x0000000100000000)
  region size 1024K, 125 young (128000K), 13 survivors (13312K)
 Metaspace       used 58840K, capacity 60095K, committed 60160K, reserved 1101824K
  class space    used 7377K, capacity 7756K, committed 7808K, reserved 1048576K
}
Event: 8.032 GC heap after
{Heap after GC invocations=8 (full 0):
 garbage-first heap   total 260096K, used 45992K [0x00000000c0000000, 0x0000000100000000)
  region size 1024K, 11 young (11264K), 11 survivors (11264K)
 Metaspace       used 58840K, capacity 60095K, committed 60160K, reserved 1101824K
  class space    used 7377K, capacity 7756K, committed 7808K, reserved 1048576K
}

